-------------------------------------------------------------------------------
Test set: capstone.openjob.OpenjobApplicationTests
-------------------------------------------------------------------------------
Tests run: 1, Failures: 0, Errors: 1, Skipped: 0, Time elapsed: 12.187 s <<< FAILURE! - in capstone.openjob.OpenjobApplicationTests
contextLoads  Time elapsed: 0.001 s  <<< ERROR!
java.lang.IllegalStateException: Failed to load ApplicationContext
Caused by: org.springframework.beans.factory.BeanCreationException: Error creating bean with name 'IJobRepository' defined in capstone.openjob.dao.IJobRepository defined in @EnableJpaRepositories declared on JpaRepositoriesRegistrar.EnableJpaRepositoriesConfiguration: Cannot resolve reference to bean 'jpaMappingContext' while setting bean property 'mappingContext'; nested exception is org.springframework.beans.factory.BeanCreationException: Error creating bean with name 'jpaMappingContext': Invocation of init method failed; nested exception is org.hibernate.AnnotationException: No identifier specified for entity: capstone.openjob.entity.AccountEntity
Caused by: org.springframework.beans.factory.BeanCreationException: Error creating bean with name 'jpaMappingContext': Invocation of init method failed; nested exception is org.hibernate.AnnotationException: No identifier specified for entity: capstone.openjob.entity.AccountEntity
Caused by: org.hibernate.AnnotationException: No identifier specified for entity: capstone.openjob.entity.AccountEntity

